INFO 2024-10-07 01:45:47,905 views 17276 34156 Hash de la imagen calculado: bd2c31e724987409dde77beac915361c
INFO 2024-10-07 01:45:48,586 model 17276 29316 Procesando imagen con el modelo Im2Latex
INFO 2024-10-07 01:45:48,586 model 17276 29316 Preprocesando la imagen
INFO 2024-10-07 01:45:48,924 model 17276 29316 Preprocesamiento de imagen completado.
INFO 2024-10-07 01:45:52,901 views 17276 34156 Hash de la imagen calculado: 3443c7e1a2da6aaa0f580f616be364ef
INFO 2024-10-07 01:45:52,989 model 17276 30884 Procesando imagen con el modelo Im2Latex
INFO 2024-10-07 01:45:52,990 model 17276 30884 Preprocesando la imagen
INFO 2024-10-07 01:45:53,394 model 17276 30884 Preprocesamiento de imagen completado.
INFO 2024-10-07 01:45:57,916 views 17276 34156 Hash de la imagen calculado: 63988f061535e45ad2a289a86b2bf8f0
INFO 2024-10-07 01:45:58,019 model 17276 34868 Procesando imagen con el modelo Im2Latex
INFO 2024-10-07 01:45:58,021 model 17276 34868 Preprocesando la imagen
INFO 2024-10-07 01:45:58,551 model 17276 34868 Preprocesamiento de imagen completado.
INFO 2024-10-07 01:46:02,909 views 17276 34156 Hash de la imagen calculado: 2b79404d6aa085bc8acffbd8c96d5a1e
INFO 2024-10-07 01:46:02,994 model 17276 35032 Procesando imagen con el modelo Im2Latex
INFO 2024-10-07 01:46:02,995 model 17276 35032 Preprocesando la imagen
INFO 2024-10-07 01:46:03,498 model 17276 35032 Preprocesamiento de imagen completado.
ERROR 2024-10-07 01:47:23,186 model 17276 29316 Error al limpiar LaTeX: LaTeX parsing requires the antlr4 Python package, provided by pip (antlr4-python3-runtime) or conda (antlr-python-runtime), version 4.11
INFO 2024-10-07 01:47:23,209 model 17276 29316 Tipo de problema: Integral
ERROR 2024-10-07 01:47:24,319 model 17276 29316 Error al renderizar LaTeX a imagen: Matplotlib's TeX implementation searched for a file named 'cmr17.tfm' in your texmf tree, but could not find it
ERROR 2024-10-07 01:47:24,323 views 17276 34156 Error al procesar el fotograma: 'NoneType' object has no attribute 'save'
Traceback (most recent call last):
  File "C:\Users\raton\OneDrive\Documentos\univ vks\7to Cuatri\ArqSoftware\testFlow\backend\ai\views.py", line 153, in procesar_fotograma
    latex_image.save(buffered, format="PNG")
    ^^^^^^^^^^^^^^^^
AttributeError: 'NoneType' object has no attribute 'save'
ERROR 2024-10-07 01:47:27,210 model 17276 35032 Error al limpiar LaTeX: LaTeX parsing requires the antlr4 Python package, provided by pip (antlr4-python3-runtime) or conda (antlr-python-runtime), version 4.11
INFO 2024-10-07 01:47:27,230 model 17276 35032 Tipo de problema: L璥ite
ERROR 2024-10-07 01:47:27,483 model 17276 29316 Error al renderizar LaTeX a imagen: Matplotlib's TeX implementation searched for a file named 'cmr17.tfm' in your texmf tree, but could not find it
ERROR 2024-10-07 01:47:27,486 views 17276 34156 Error al procesar el fotograma: 'NoneType' object has no attribute 'save'
Traceback (most recent call last):
  File "C:\Users\raton\OneDrive\Documentos\univ vks\7to Cuatri\ArqSoftware\testFlow\backend\ai\views.py", line 153, in procesar_fotograma
    latex_image.save(buffered, format="PNG")
    ^^^^^^^^^^^^^^^^
AttributeError: 'NoneType' object has no attribute 'save'
ERROR 2024-10-07 01:47:33,827 model 17276 30884 Error al limpiar LaTeX: LaTeX parsing requires the antlr4 Python package, provided by pip (antlr4-python3-runtime) or conda (antlr-python-runtime), version 4.11
INFO 2024-10-07 01:47:33,846 model 17276 30884 Tipo de problema: Ecuaci鏮
ERROR 2024-10-07 01:47:34,089 model 17276 35032 Error al renderizar LaTeX a imagen: Matplotlib's TeX implementation searched for a file named 'cmr17.tfm' in your texmf tree, but could not find it
ERROR 2024-10-07 01:47:34,091 views 17276 34156 Error al procesar el fotograma: 'NoneType' object has no attribute 'save'
Traceback (most recent call last):
  File "C:\Users\raton\OneDrive\Documentos\univ vks\7to Cuatri\ArqSoftware\testFlow\backend\ai\views.py", line 153, in procesar_fotograma
    latex_image.save(buffered, format="PNG")
    ^^^^^^^^^^^^^^^^
AttributeError: 'NoneType' object has no attribute 'save'
ERROR 2024-10-07 01:47:36,279 model 17276 34868 Error al limpiar LaTeX: LaTeX parsing requires the antlr4 Python package, provided by pip (antlr4-python3-runtime) or conda (antlr-python-runtime), version 4.11
INFO 2024-10-07 01:47:36,294 model 17276 34868 Tipo de problema: L璥ite
ERROR 2024-10-07 01:47:36,479 model 17276 30884 Error al renderizar LaTeX a imagen: Matplotlib's TeX implementation searched for a file named 'cmr17.tfm' in your texmf tree, but could not find it
ERROR 2024-10-07 01:47:36,480 views 17276 34156 Error al procesar el fotograma: 'NoneType' object has no attribute 'save'
Traceback (most recent call last):
  File "C:\Users\raton\OneDrive\Documentos\univ vks\7to Cuatri\ArqSoftware\testFlow\backend\ai\views.py", line 153, in procesar_fotograma
    latex_image.save(buffered, format="PNG")
    ^^^^^^^^^^^^^^^^
AttributeError: 'NoneType' object has no attribute 'save'
INFO 2024-10-07 15:05:31,686 autoreload 16524 368 Watching for file changes with StatReloader
INFO 2024-10-07 15:05:38,030 model 16524 368 Iniciando la carga del modelo de visi鏮.
INFO 2024-10-07 15:05:44,281 model 16524 368 Modelo de visi鏮 cargado exitosamente.
INFO 2024-10-07 15:05:45,374 views 16524 368 Conexi鏮 exitosa a MongoDB en la uri
INFO 2024-10-07 15:05:45,375 views 16524 368 Conexi鏮 exitosa a Redis en redis-11043.c274.us-east-1-3.ec2.redns.redis-cloud.com:11043/0
INFO 2024-10-07 15:05:45,600 server 16524 26668 HTTP/2 support not enabled (install the http2 and tls Twisted extras)
INFO 2024-10-07 15:05:45,601 server 16524 26668 Configuring endpoint tcp:port=8000:interface=0.0.0.0
INFO 2024-10-07 15:05:45,603 server 16524 26668 Listening on TCP address 0.0.0.0:8000
ERROR 2024-10-07 15:05:46,609 server 16524 26668 Exception inside application: No route found for path 'api/procesar_texto'.
Traceback (most recent call last):
  File "C:\Users\raton\OneDrive\Documentos\univ vks\7to Cuatri\ArqSoftware\testFlow\venv\Lib\site-packages\channels\staticfiles.py", line 44, in __call__
    return await self.application(scope, receive, send)
           ^^^^^^^^^^^^^^^^^^^^^^^^^^^^^^^^^^^^^^^^^^^^
  File "C:\Users\raton\OneDrive\Documentos\univ vks\7to Cuatri\ArqSoftware\testFlow\venv\Lib\site-packages\channels\routing.py", line 71, in __call__
    return await application(scope, receive, send)
           ^^^^^^^^^^^^^^^^^^^^^^^^^^^^^^^^^^^^^^^
  File "C:\Users\raton\OneDrive\Documentos\univ vks\7to Cuatri\ArqSoftware\testFlow\venv\Lib\site-packages\channels\routing.py", line 168, in __call__
    raise ValueError("No route found for path %r." % path)
ValueError: No route found for path 'api/procesar_texto'.
ERROR 2024-10-07 15:05:46,616 runserver 16524 26668 [35;1mHTTP OPTIONS /api/procesar_texto 500 [1.00, 127.0.0.1:41118][0m
ERROR 2024-10-07 15:05:46,616 server 16524 26668 Exception inside application: No route found for path 'api/procesar_texto'.
Traceback (most recent call last):
  File "C:\Users\raton\OneDrive\Documentos\univ vks\7to Cuatri\ArqSoftware\testFlow\venv\Lib\site-packages\channels\staticfiles.py", line 44, in __call__
    return await self.application(scope, receive, send)
           ^^^^^^^^^^^^^^^^^^^^^^^^^^^^^^^^^^^^^^^^^^^^
  File "C:\Users\raton\OneDrive\Documentos\univ vks\7to Cuatri\ArqSoftware\testFlow\venv\Lib\site-packages\channels\routing.py", line 71, in __call__
    return await application(scope, receive, send)
           ^^^^^^^^^^^^^^^^^^^^^^^^^^^^^^^^^^^^^^^
  File "C:\Users\raton\OneDrive\Documentos\univ vks\7to Cuatri\ArqSoftware\testFlow\venv\Lib\site-packages\channels\routing.py", line 168, in __call__
    raise ValueError("No route found for path %r." % path)
ValueError: No route found for path 'api/procesar_texto'.
ERROR 2024-10-07 15:05:46,618 runserver 16524 26668 [35;1mHTTP OPTIONS /api/procesar_texto 500 [0.76, 127.0.0.1:41114][0m
ERROR 2024-10-07 15:05:46,619 server 16524 26668 Exception inside application: No route found for path 'api/procesar_texto'.
Traceback (most recent call last):
  File "C:\Users\raton\OneDrive\Documentos\univ vks\7to Cuatri\ArqSoftware\testFlow\venv\Lib\site-packages\channels\staticfiles.py", line 44, in __call__
    return await self.application(scope, receive, send)
           ^^^^^^^^^^^^^^^^^^^^^^^^^^^^^^^^^^^^^^^^^^^^
  File "C:\Users\raton\OneDrive\Documentos\univ vks\7to Cuatri\ArqSoftware\testFlow\venv\Lib\site-packages\channels\routing.py", line 71, in __call__
    return await application(scope, receive, send)
           ^^^^^^^^^^^^^^^^^^^^^^^^^^^^^^^^^^^^^^^
  File "C:\Users\raton\OneDrive\Documentos\univ vks\7to Cuatri\ArqSoftware\testFlow\venv\Lib\site-packages\channels\routing.py", line 168, in __call__
    raise ValueError("No route found for path %r." % path)
ValueError: No route found for path 'api/procesar_texto'.
ERROR 2024-10-07 15:05:46,620 runserver 16524 26668 [35;1mHTTP OPTIONS /api/procesar_texto 500 [0.65, 127.0.0.1:41115][0m
ERROR 2024-10-07 15:05:56,716 server 16524 26668 Exception inside application: No route found for path 'api/procesar_texto'.
Traceback (most recent call last):
  File "C:\Users\raton\OneDrive\Documentos\univ vks\7to Cuatri\ArqSoftware\testFlow\venv\Lib\site-packages\channels\staticfiles.py", line 44, in __call__
    return await self.application(scope, receive, send)
           ^^^^^^^^^^^^^^^^^^^^^^^^^^^^^^^^^^^^^^^^^^^^
  File "C:\Users\raton\OneDrive\Documentos\univ vks\7to Cuatri\ArqSoftware\testFlow\venv\Lib\site-packages\channels\routing.py", line 71, in __call__
    return await application(scope, receive, send)
           ^^^^^^^^^^^^^^^^^^^^^^^^^^^^^^^^^^^^^^^
  File "C:\Users\raton\OneDrive\Documentos\univ vks\7to Cuatri\ArqSoftware\testFlow\venv\Lib\site-packages\channels\routing.py", line 168, in __call__
    raise ValueError("No route found for path %r." % path)
ValueError: No route found for path 'api/procesar_texto'.
ERROR 2024-10-07 15:05:56,718 runserver 16524 26668 [35;1mHTTP OPTIONS /api/procesar_texto 500 [0.96, 127.0.0.1:41114][0m
ERROR 2024-10-07 15:05:58,729 server 16524 26668 Exception inside application: No route found for path 'api/procesar_texto'.
Traceback (most recent call last):
  File "C:\Users\raton\OneDrive\Documentos\univ vks\7to Cuatri\ArqSoftware\testFlow\venv\Lib\site-packages\channels\staticfiles.py", line 44, in __call__
    return await self.application(scope, receive, send)
           ^^^^^^^^^^^^^^^^^^^^^^^^^^^^^^^^^^^^^^^^^^^^
  File "C:\Users\raton\OneDrive\Documentos\univ vks\7to Cuatri\ArqSoftware\testFlow\venv\Lib\site-packages\channels\routing.py", line 71, in __call__
    return await application(scope, receive, send)
           ^^^^^^^^^^^^^^^^^^^^^^^^^^^^^^^^^^^^^^^
  File "C:\Users\raton\OneDrive\Documentos\univ vks\7to Cuatri\ArqSoftware\testFlow\venv\Lib\site-packages\channels\routing.py", line 168, in __call__
    raise ValueError("No route found for path %r." % path)
ValueError: No route found for path 'api/procesar_texto'.
ERROR 2024-10-07 15:05:58,731 runserver 16524 26668 [35;1mHTTP OPTIONS /api/procesar_texto 500 [0.75, 127.0.0.1:41114][0m
ERROR 2024-10-07 15:05:58,732 server 16524 26668 Exception inside application: No route found for path 'api/procesar_texto'.
Traceback (most recent call last):
  File "C:\Users\raton\OneDrive\Documentos\univ vks\7to Cuatri\ArqSoftware\testFlow\venv\Lib\site-packages\channels\staticfiles.py", line 44, in __call__
    return await self.application(scope, receive, send)
           ^^^^^^^^^^^^^^^^^^^^^^^^^^^^^^^^^^^^^^^^^^^^
  File "C:\Users\raton\OneDrive\Documentos\univ vks\7to Cuatri\ArqSoftware\testFlow\venv\Lib\site-packages\channels\routing.py", line 71, in __call__
    return await application(scope, receive, send)
           ^^^^^^^^^^^^^^^^^^^^^^^^^^^^^^^^^^^^^^^
  File "C:\Users\raton\OneDrive\Documentos\univ vks\7to Cuatri\ArqSoftware\testFlow\venv\Lib\site-packages\channels\routing.py", line 168, in __call__
    raise ValueError("No route found for path %r." % path)
ValueError: No route found for path 'api/procesar_texto'.
ERROR 2024-10-07 15:05:58,733 runserver 16524 26668 [35;1mHTTP OPTIONS /api/procesar_texto 500 [0.73, 127.0.0.1:41115][0m
ERROR 2024-10-07 15:05:58,734 server 16524 26668 Exception inside application: No route found for path 'api/procesar_texto'.
Traceback (most recent call last):
  File "C:\Users\raton\OneDrive\Documentos\univ vks\7to Cuatri\ArqSoftware\testFlow\venv\Lib\site-packages\channels\staticfiles.py", line 44, in __call__
    return await self.application(scope, receive, send)
           ^^^^^^^^^^^^^^^^^^^^^^^^^^^^^^^^^^^^^^^^^^^^
  File "C:\Users\raton\OneDrive\Documentos\univ vks\7to Cuatri\ArqSoftware\testFlow\venv\Lib\site-packages\channels\routing.py", line 71, in __call__
    return await application(scope, receive, send)
           ^^^^^^^^^^^^^^^^^^^^^^^^^^^^^^^^^^^^^^^
  File "C:\Users\raton\OneDrive\Documentos\univ vks\7to Cuatri\ArqSoftware\testFlow\venv\Lib\site-packages\channels\routing.py", line 168, in __call__
    raise ValueError("No route found for path %r." % path)
ValueError: No route found for path 'api/procesar_texto'.
ERROR 2024-10-07 15:05:58,735 runserver 16524 26668 [35;1mHTTP OPTIONS /api/procesar_texto 500 [0.57, 127.0.0.1:41118][0m
ERROR 2024-10-07 15:05:58,735 server 16524 26668 Exception inside application: No route found for path 'api/procesar_texto'.
Traceback (most recent call last):
  File "C:\Users\raton\OneDrive\Documentos\univ vks\7to Cuatri\ArqSoftware\testFlow\venv\Lib\site-packages\channels\staticfiles.py", line 44, in __call__
    return await self.application(scope, receive, send)
           ^^^^^^^^^^^^^^^^^^^^^^^^^^^^^^^^^^^^^^^^^^^^
  File "C:\Users\raton\OneDrive\Documentos\univ vks\7to Cuatri\ArqSoftware\testFlow\venv\Lib\site-packages\channels\routing.py", line 71, in __call__
    return await application(scope, receive, send)
           ^^^^^^^^^^^^^^^^^^^^^^^^^^^^^^^^^^^^^^^
  File "C:\Users\raton\OneDrive\Documentos\univ vks\7to Cuatri\ArqSoftware\testFlow\venv\Lib\site-packages\channels\routing.py", line 168, in __call__
    raise ValueError("No route found for path %r." % path)
ValueError: No route found for path 'api/procesar_texto'.
ERROR 2024-10-07 15:05:58,736 runserver 16524 26668 [35;1mHTTP OPTIONS /api/procesar_texto 500 [0.14, 127.0.0.1:41116][0m
ERROR 2024-10-07 15:05:59,744 server 16524 26668 Exception inside application: No route found for path 'api/procesar_texto'.
Traceback (most recent call last):
  File "C:\Users\raton\OneDrive\Documentos\univ vks\7to Cuatri\ArqSoftware\testFlow\venv\Lib\site-packages\channels\staticfiles.py", line 44, in __call__
    return await self.application(scope, receive, send)
           ^^^^^^^^^^^^^^^^^^^^^^^^^^^^^^^^^^^^^^^^^^^^
  File "C:\Users\raton\OneDrive\Documentos\univ vks\7to Cuatri\ArqSoftware\testFlow\venv\Lib\site-packages\channels\routing.py", line 71, in __call__
    return await application(scope, receive, send)
           ^^^^^^^^^^^^^^^^^^^^^^^^^^^^^^^^^^^^^^^
  File "C:\Users\raton\OneDrive\Documentos\univ vks\7to Cuatri\ArqSoftware\testFlow\venv\Lib\site-packages\channels\routing.py", line 168, in __call__
    raise ValueError("No route found for path %r." % path)
ValueError: No route found for path 'api/procesar_texto'.
ERROR 2024-10-07 15:05:59,746 runserver 16524 26668 [35;1mHTTP OPTIONS /api/procesar_texto 500 [1.00, 127.0.0.1:41115][0m
ERROR 2024-10-07 15:05:59,746 server 16524 26668 Exception inside application: No route found for path 'api/procesar_texto'.
Traceback (most recent call last):
  File "C:\Users\raton\OneDrive\Documentos\univ vks\7to Cuatri\ArqSoftware\testFlow\venv\Lib\site-packages\channels\staticfiles.py", line 44, in __call__
    return await self.application(scope, receive, send)
           ^^^^^^^^^^^^^^^^^^^^^^^^^^^^^^^^^^^^^^^^^^^^
  File "C:\Users\raton\OneDrive\Documentos\univ vks\7to Cuatri\ArqSoftware\testFlow\venv\Lib\site-packages\channels\routing.py", line 71, in __call__
    return await application(scope, receive, send)
           ^^^^^^^^^^^^^^^^^^^^^^^^^^^^^^^^^^^^^^^
  File "C:\Users\raton\OneDrive\Documentos\univ vks\7to Cuatri\ArqSoftware\testFlow\venv\Lib\site-packages\channels\routing.py", line 168, in __call__
    raise ValueError("No route found for path %r." % path)
ValueError: No route found for path 'api/procesar_texto'.
ERROR 2024-10-07 15:05:59,748 runserver 16524 26668 [35;1mHTTP OPTIONS /api/procesar_texto 500 [0.87, 127.0.0.1:41118][0m
ERROR 2024-10-07 15:07:25,557 server 16524 26668 Exception inside application: 'dict' object has no attribute 'method'
Traceback (most recent call last):
  File "C:\Users\raton\OneDrive\Documentos\univ vks\7to Cuatri\ArqSoftware\testFlow\venv\Lib\site-packages\channels\staticfiles.py", line 44, in __call__
    return await self.application(scope, receive, send)
           ^^^^^^^^^^^^^^^^^^^^^^^^^^^^^^^^^^^^^^^^^^^^
  File "C:\Users\raton\OneDrive\Documentos\univ vks\7to Cuatri\ArqSoftware\testFlow\venv\Lib\site-packages\channels\routing.py", line 71, in __call__
    return await application(scope, receive, send)
           ^^^^^^^^^^^^^^^^^^^^^^^^^^^^^^^^^^^^^^^
  File "C:\Users\raton\OneDrive\Documentos\univ vks\7to Cuatri\ArqSoftware\testFlow\venv\Lib\site-packages\channels\routing.py", line 150, in __call__
    return await application(
           ^^^^^^^^^^^^^^^^^^
  File "C:\Users\raton\OneDrive\Documentos\univ vks\7to Cuatri\ArqSoftware\testFlow\venv\Lib\site-packages\asgiref\compatibility.py", line 34, in new_application
    instance = application(scope)
               ^^^^^^^^^^^^^^^^^^
  File "C:\Users\raton\OneDrive\Documentos\univ vks\7to Cuatri\ArqSoftware\testFlow\venv\Lib\site-packages\django\views\decorators\csrf.py", line 65, in _view_wrapper
    return view_func(request, *args, **kwargs)
           ^^^^^^^^^^^^^^^^^^^^^^^^^^^^^^^^^^^
  File "C:\Users\raton\OneDrive\Documentos\univ vks\7to Cuatri\ArqSoftware\testFlow\backend\ai\views.py", line 401, in procesar_texto
    if request.method != "POST":
       ^^^^^^^^^^^^^^
AttributeError: 'dict' object has no attribute 'method'
ERROR 2024-10-07 15:07:25,568 runserver 16524 26668 [35;1mHTTP POST /api/procesar_texto/ 500 [0.83, 127.0.0.1:41675][0m
INFO 2024-10-07 15:08:04,404 autoreload 16524 368 C:\Users\raton\OneDrive\Documentos\univ vks\7to Cuatri\ArqSoftware\testFlow\backend\testflow\asgi.py changed, reloading.
INFO 2024-10-07 15:08:07,940 autoreload 25200 10436 Watching for file changes with StatReloader
INFO 2024-10-07 15:08:17,114 model 25200 10436 Iniciando la carga del modelo de visi鏮.
INFO 2024-10-07 15:08:24,545 model 25200 10436 Modelo de visi鏮 cargado exitosamente.
INFO 2024-10-07 15:08:25,167 views 25200 10436 Conexi鏮 exitosa a MongoDB en la uri
INFO 2024-10-07 15:08:25,168 views 25200 10436 Conexi鏮 exitosa a Redis en redis-11043.c274.us-east-1-3.ec2.redns.redis-cloud.com:11043/0
INFO 2024-10-07 15:08:25,313 server 25200 26228 HTTP/2 support not enabled (install the http2 and tls Twisted extras)
INFO 2024-10-07 15:08:25,314 server 25200 26228 Configuring endpoint tcp:port=8000:interface=0.0.0.0
INFO 2024-10-07 15:08:25,315 server 25200 26228 Listening on TCP address 0.0.0.0:8000
INFO 2024-10-07 15:19:50,231 views 32152 10920 Hash de la imagen calculado: 60493cca91e2838519676df7238c110e
INFO 2024-10-07 15:19:50,977 model 32152 13952 Procesando imagen con el modelo Im2Latex
INFO 2024-10-07 15:19:50,978 model 32152 13952 Preprocesando la imagen
INFO 2024-10-07 15:19:51,323 model 32152 13952 Preprocesamiento de imagen completado.
ERROR 2024-10-07 15:20:15,387 model 32152 13952 Error al limpiar LaTeX: LaTeX parsing requires the antlr4 Python package, provided by pip (antlr4-python3-runtime) or conda (antlr-python-runtime), version 4.11
INFO 2024-10-07 15:20:15,388 model 32152 13952 F鏎mula LaTeX detectada: \begin{align*}&\overline{[\prod_{j=0}^\mathsf{H}\widetilde{\prob\limits_{\substack{\boldsymbol{y}\\\forall\,\widehat{b}=\smallskip\,}}]}\propto\!\!\procteenth\right.\\&\Bigg\lceil\underbrace{\root*[4]\of{}\rightarrow\left.\emptyset\Homodet}_{2\not=\smokerspace\exists2}\!{\sff}^{-1}\overleftarrow{\bigotimesab{z\in\root[2]{}\\\bigodot\sim\cdots\byapprox\hat{\Bigvee\nolimits}\sim}}\endINGSpace}\end{aligned}
INFO 2024-10-07 15:20:15,388 model 32152 13952 Tipo de problema: L璥ite
INFO 2024-10-07 15:20:15,390 views 32152 10920 Formula clasificada: \begin{align*}&\overline{[\prod_{j=0}^\mathsf{H}\widetilde{\prob\limits_{\substack{\boldsymbol{y}\\\forall\,\widehat{b}=\smallskip\,}}]}\propto\!\!\procteenth\right.\\&\Bigg\lceil\underbrace{\root*[4]\of{}\rightarrow\left.\emptyset\Homodet}_{2\not=\smokerspace\exists2}\!{\sff}^{-1}\overleftarrow{\bigotimesab{z\in\root[2]{}\\\bigodot\sim\cdots\byapprox\hat{\Bigvee\nolimits}\sim}}\endINGSpace}\end{aligned}, Tipo de problema: L璥ite
ERROR 2024-10-07 15:20:16,122 model 32152 13952 Error al renderizar LaTeX a imagen: Matplotlib's TeX implementation searched for a file named 'cmr17.tfm' in your texmf tree, but could not find it
ERROR 2024-10-07 15:20:16,123 views 32152 10920 Error al procesar el fotograma: 'NoneType' object has no attribute 'save'
Traceback (most recent call last):
  File "C:\Users\raton\OneDrive\Documentos\univ vks\7to Cuatri\ArqSoftware\testFlow\backend\ai\views.py", line 176, in procesar_fotograma
    latex_image.save(buffered, format="PNG")
    ^^^^^^^^^^^^^^^^
AttributeError: 'NoneType' object has no attribute 'save'
INFO 2024-10-19 14:20:57,275 views 29864 25520 Hash de la imagen calculado: 410cc3a7ccda00f17d62d0d4f897b4d8
INFO 2024-10-19 14:20:57,995 model 29864 5568 Procesando imagen con el modelo Im2Latex
INFO 2024-10-19 14:20:57,995 model 29864 5568 Preprocesando la imagen
INFO 2024-10-19 14:20:58,290 model 29864 5568 Preprocesamiento de imagen completado.
INFO 2024-10-19 14:21:01,456 views 29864 25520 Hash de la imagen calculado: a8f042714a36bc52577285620de2c950
INFO 2024-10-19 14:21:01,557 model 29864 29120 Procesando imagen con el modelo Im2Latex
INFO 2024-10-19 14:21:01,557 model 29864 29120 Preprocesando la imagen
INFO 2024-10-19 14:21:01,989 model 29864 29120 Preprocesamiento de imagen completado.
ERROR 2024-10-19 14:22:06,555 model 29864 29120 Error al limpiar LaTeX: LaTeX parsing requires the antlr4 Python package, provided by pip (antlr4-python3-runtime) or conda (antlr-python-runtime), version 4.11
ERROR 2024-10-19 14:22:06,555 model 29864 5568 Error al limpiar LaTeX: LaTeX parsing requires the antlr4 Python package, provided by pip (antlr4-python3-runtime) or conda (antlr-python-runtime), version 4.11
INFO 2024-10-19 14:22:06,595 model 29864 29120 Tipo de problema: L璥ite
INFO 2024-10-19 14:22:06,598 model 29864 5568 Tipo de problema: L璥ite
ERROR 2024-10-19 14:22:07,255 model 29864 5568 Error al renderizar LaTeX a imagen: <matplotlib.backends.backend_agg.RendererAgg object at 0x000001819D57FFE0>
ERROR 2024-10-19 14:22:07,255 views 29864 25520 Error al procesar el fotograma: 'NoneType' object has no attribute 'save'
Traceback (most recent call last):
  File "C:\Users\raton\OneDrive\Documentos\univ vks\7to Cuatri\ArqSoftware\testFlow\backend\ai\views.py", line 176, in procesar_fotograma
    latex_image.save(buffered, format="PNG")
    ^^^^^^^^^^^^^^^^
AttributeError: 'NoneType' object has no attribute 'save'
ERROR 2024-10-19 14:22:09,338 model 29864 29120 Error al renderizar LaTeX a imagen: main thread is not in main loop
ERROR 2024-10-19 14:22:09,338 views 29864 25520 Error al procesar el fotograma: 'NoneType' object has no attribute 'save'
Traceback (most recent call last):
  File "C:\Users\raton\OneDrive\Documentos\univ vks\7to Cuatri\ArqSoftware\testFlow\backend\ai\views.py", line 176, in procesar_fotograma
    latex_image.save(buffered, format="PNG")
    ^^^^^^^^^^^^^^^^
AttributeError: 'NoneType' object has no attribute 'save'
INFO 2024-10-19 14:49:59,967 views 29992 23108 Hash de la imagen calculado: 4841c2e53bee6c99f898db306637fbe6
INFO 2024-10-19 14:50:00,639 model 29992 28476 Procesando imagen con el modelo Im2Latex
INFO 2024-10-19 14:50:00,738 model 29992 28476 Preprocesando la imagen
INFO 2024-10-19 14:50:01,065 model 29992 28476 Preprocesamiento de imagen completado.
INFO 2024-10-19 14:50:33,957 model 29992 28476 F鏎mula LaTeX detectada: begin
INFO 2024-10-19 14:50:33,957 model 29992 28476 Tipo de problema: Expresi鏮 algebraica
INFO 2024-10-19 14:50:33,957 views 29992 23108 Formula clasificada: begin, Tipo de problema: Expresi鏮 algebraica
ERROR 2024-10-19 14:51:04,377 views 29992 23108 Error al procesar el fotograma: SSL handshake failed: testflowclouster-shard-00-02.wxv1v.mongodb.net:27017: [('SSL routines', '', 'tlsv1 alert internal error')] (configured timeouts: socketTimeoutMS: 20000.0ms, connectTimeoutMS: 20000.0ms),SSL handshake failed: testflowclouster-shard-00-01.wxv1v.mongodb.net:27017: [('SSL routines', '', 'tlsv1 alert internal error')] (configured timeouts: socketTimeoutMS: 20000.0ms, connectTimeoutMS: 20000.0ms),SSL handshake failed: testflowclouster-shard-00-00.wxv1v.mongodb.net:27017: [('SSL routines', '', 'tlsv1 alert internal error')] (configured timeouts: socketTimeoutMS: 20000.0ms, connectTimeoutMS: 20000.0ms), Timeout: 30s, Topology Description: <TopologyDescription id: 67141ade8a51c61202b5ad92, topology_type: ReplicaSetNoPrimary, servers: [<ServerDescription ('testflowclouster-shard-00-00.wxv1v.mongodb.net', 27017) server_type: Unknown, rtt: None, error=AutoReconnect("SSL handshake failed: testflowclouster-shard-00-00.wxv1v.mongodb.net:27017: [('SSL routines', '', 'tlsv1 alert internal error')] (configured timeouts: socketTimeoutMS: 20000.0ms, connectTimeoutMS: 20000.0ms)")>, <ServerDescription ('testflowclouster-shard-00-01.wxv1v.mongodb.net', 27017) server_type: Unknown, rtt: None, error=AutoReconnect("SSL handshake failed: testflowclouster-shard-00-01.wxv1v.mongodb.net:27017: [('SSL routines', '', 'tlsv1 alert internal error')] (configured timeouts: socketTimeoutMS: 20000.0ms, connectTimeoutMS: 20000.0ms)")>, <ServerDescription ('testflowclouster-shard-00-02.wxv1v.mongodb.net', 27017) server_type: Unknown, rtt: None, error=AutoReconnect("SSL handshake failed: testflowclouster-shard-00-02.wxv1v.mongodb.net:27017: [('SSL routines', '', 'tlsv1 alert internal error')] (configured timeouts: socketTimeoutMS: 20000.0ms, connectTimeoutMS: 20000.0ms)")>]>
INFO 2024-10-19 14:57:23,397 views 30564 26720 Hash de la imagen calculado: 330fdec343af86cbbf9018ca0a57891b
INFO 2024-10-19 14:57:23,988 model 30564 25856 Procesando imagen con el modelo Im2Latex
INFO 2024-10-19 14:57:23,988 model 30564 25856 Preprocesando la imagen
INFO 2024-10-19 14:57:24,246 model 30564 25856 Preprocesamiento de imagen completado.
INFO 2024-10-19 14:57:54,765 model 30564 25856 F鏎mula LaTeX detectada: begin
INFO 2024-10-19 14:57:54,765 model 30564 25856 Tipo de problema: Expresi鏮 algebraica
INFO 2024-10-19 14:57:54,765 views 30564 26720 Formula clasificada: begin, Tipo de problema: Expresi鏮 algebraica
ERROR 2024-10-19 14:58:25,058 views 30564 26720 Error al procesar el fotograma: SSL handshake failed: testflowclouster-shard-00-01.wxv1v.mongodb.net:27017: [('SSL routines', '', 'tlsv1 alert internal error')] (configured timeouts: socketTimeoutMS: 20000.0ms, connectTimeoutMS: 20000.0ms),SSL handshake failed: testflowclouster-shard-00-00.wxv1v.mongodb.net:27017: [('SSL routines', '', 'tlsv1 alert internal error')] (configured timeouts: socketTimeoutMS: 20000.0ms, connectTimeoutMS: 20000.0ms),SSL handshake failed: testflowclouster-shard-00-02.wxv1v.mongodb.net:27017: [('SSL routines', '', 'tlsv1 alert internal error')] (configured timeouts: socketTimeoutMS: 20000.0ms, connectTimeoutMS: 20000.0ms), Timeout: 30s, Topology Description: <TopologyDescription id: 67141d0aef84998935de10d7, topology_type: ReplicaSetNoPrimary, servers: [<ServerDescription ('testflowclouster-shard-00-00.wxv1v.mongodb.net', 27017) server_type: Unknown, rtt: None, error=AutoReconnect("SSL handshake failed: testflowclouster-shard-00-00.wxv1v.mongodb.net:27017: [('SSL routines', '', 'tlsv1 alert internal error')] (configured timeouts: socketTimeoutMS: 20000.0ms, connectTimeoutMS: 20000.0ms)")>, <ServerDescription ('testflowclouster-shard-00-01.wxv1v.mongodb.net', 27017) server_type: Unknown, rtt: None, error=AutoReconnect("SSL handshake failed: testflowclouster-shard-00-01.wxv1v.mongodb.net:27017: [('SSL routines', '', 'tlsv1 alert internal error')] (configured timeouts: socketTimeoutMS: 20000.0ms, connectTimeoutMS: 20000.0ms)")>, <ServerDescription ('testflowclouster-shard-00-02.wxv1v.mongodb.net', 27017) server_type: Unknown, rtt: None, error=AutoReconnect("SSL handshake failed: testflowclouster-shard-00-02.wxv1v.mongodb.net:27017: [('SSL routines', '', 'tlsv1 alert internal error')] (configured timeouts: socketTimeoutMS: 20000.0ms, connectTimeoutMS: 20000.0ms)")>]>
INFO 2024-10-19 15:02:35,382 views 29124 24748 Hash de la imagen calculado: b42b071a9ad0d9fe4f266d7927e4deb0
INFO 2024-10-19 15:02:35,953 model 29124 18416 Procesando imagen con el modelo Im2Latex
INFO 2024-10-19 15:02:35,953 model 29124 18416 Preprocesando la imagen
INFO 2024-10-19 15:02:36,218 model 29124 18416 Preprocesamiento de imagen completado.
INFO 2024-10-19 15:03:05,126 model 29124 18416 F鏎mula LaTeX detectada: begin
INFO 2024-10-19 15:03:05,126 model 29124 18416 Tipo de problema: Expresi鏮 algebraica
INFO 2024-10-19 15:03:05,128 views 29124 24748 Formula clasificada: begin, Tipo de problema: Expresi鏮 algebraica
ERROR 2024-10-19 15:03:06,071 views 29124 24748 Error al procesar el fotograma: Updating the path 'usos' would create a conflict at 'usos', full error: {'index': 0, 'code': 40, 'errmsg': "Updating the path 'usos' would create a conflict at 'usos'"}
ERROR 2024-10-19 16:12:47,187 views 31832 32280 Error al procesar el texto: bad escape \s at position 0
ERROR 2024-10-19 16:19:33,611 views 26724 31724 Error al procesar el texto: bad escape \s at position 0
ERROR 2024-10-19 16:20:04,503 views 26724 31724 Error al procesar el texto: bad escape \s at position 0
ERROR 2024-10-19 16:24:18,232 views 13988 19548 Error al procesar el texto: bad escape \s at position 0
ERROR 2024-10-19 16:25:52,139 views 20884 27548 Error al procesar el texto: bad escape \s at position 0
ERROR 2024-10-19 16:26:47,086 views 31128 16040 Error al procesar el texto: bad escape \s at position 0
ERROR 2024-10-19 16:27:49,317 views 13932 6528 Error al procesar el texto: bad escape \s at position 0
ERROR 2024-10-19 16:31:11,402 views 25760 2796 Error al procesar el texto: bad escape \s at position 0
ERROR 2024-10-19 16:33:32,747 views 24640 23460 Error al procesar el texto: bad escape \s at position 0
ERROR 2024-10-19 16:36:27,868 views 6892 29732 Error al procesar el texto: bad escape \s at position 0
ERROR 2024-10-19 16:39:06,132 views 31568 13152 Error al procesar el texto: bad escape \s at position 0
ERROR 2024-10-19 16:40:14,465 views 30548 15788 Error al procesar el texto: bad escape \s at position 0
ERROR 2024-10-19 16:41:25,199 views 22956 13420 Error al procesar el texto: bad escape \s at position 0
ERROR 2024-10-19 16:43:48,328 views 22588 23436 Error al procesar el texto: bad escape \s at position 0
ERROR 2024-10-19 16:44:57,603 views 10440 32296 Error al procesar el texto: bad escape \s at position 0
ERROR 2024-10-19 16:45:38,280 views 22788 19480 Error al procesar el texto: bad escape \s at position 0
ERROR 2024-10-19 16:46:55,780 views 27108 25556 Error al procesar el texto: bad escape \s at position 0
INFO 2024-10-19 16:49:45,310 model 15408 1068 Convirtiendo a LaTeX: 2
ERROR 2024-10-19 16:49:45,316 views 15408 1068 Error al procesar el texto: bad escape \s at position 0
INFO 2024-10-19 16:50:07,849 model 15408 1068 Convirtiendo a LaTeX: 2+2
ERROR 2024-10-19 16:50:07,849 views 15408 1068 Error al procesar el texto: bad escape \s at position 0
INFO 2024-10-19 16:51:35,753 model 15868 24808 Convirtiendo a LaTeX: 2
ERROR 2024-10-19 16:51:35,753 views 15868 24808 Error al procesar el texto: bad escape \s at position 0
INFO 2024-10-19 16:53:23,659 model 31548 15964 Convirtiendo a LaTeX: 2
ERROR 2024-10-19 16:53:23,660 views 31548 15964 Error al procesar el texto: bad escape \s at position 0
INFO 2024-10-19 16:54:49,464 views 13812 3032 Texto recibido: '2'
INFO 2024-10-19 16:54:49,464 model 13812 3032 Procesando texto: '2'
INFO 2024-10-19 16:54:49,464 views 13812 3032 LaTeX generado: '\left(2\right)'
INFO 2024-10-19 16:54:51,689 views 13812 3032 Texto recibido: '2+2'
INFO 2024-10-19 16:54:51,689 model 13812 3032 Procesando texto: '2+2'
ERROR 2024-10-19 16:54:51,689 model 13812 3032 Error al procesar el texto '2 + 2': bad escape \s at position 0
INFO 2024-10-19 16:54:51,689 views 13812 3032 LaTeX generado: 'Error: bad escape \s at position 0'
INFO 2024-10-19 16:54:54,368 views 13812 3032 Texto recibido: '2'
INFO 2024-10-19 16:54:54,374 model 13812 3032 Procesando texto: '2'
INFO 2024-10-19 16:54:54,374 views 13812 3032 LaTeX generado: '\left(2\right)'
INFO 2024-10-19 16:54:55,803 views 13812 3032 Texto recibido: '2^2'
INFO 2024-10-19 16:54:55,803 model 13812 3032 Procesando texto: '2^2'
ERROR 2024-10-19 16:54:55,804 model 13812 3032 Error al procesar el texto '2^{2}': bad escape \s at position 0
INFO 2024-10-19 16:54:55,813 views 13812 3032 LaTeX generado: 'Error: bad escape \s at position 0'
INFO 2024-10-19 16:55:01,381 views 13812 3032 Texto recibido: '2^'
INFO 2024-10-19 16:55:01,381 model 13812 3032 Procesando texto: '2^'
ERROR 2024-10-19 16:55:01,381 model 13812 3032 Error al procesar el texto '2^': bad escape \s at position 0
INFO 2024-10-19 16:55:01,381 views 13812 3032 LaTeX generado: 'Error: bad escape \s at position 0'
INFO 2024-10-19 16:55:01,397 views 13812 3032 Texto recibido: '2'
INFO 2024-10-19 16:55:01,398 model 13812 3032 Procesando texto: '2'
INFO 2024-10-19 16:55:01,399 views 13812 3032 LaTeX generado: '\left(2\right)'
INFO 2024-10-19 16:55:05,499 views 13812 3032 Texto recibido: ''
INFO 2024-10-19 16:55:05,499 model 13812 3032 Procesando texto: ''
ERROR 2024-10-19 16:55:05,499 model 13812 3032 Error al procesar el texto '': bad escape \s at position 0
INFO 2024-10-19 16:55:05,499 views 13812 3032 LaTeX generado: 'Error: bad escape \s at position 0'
INFO 2024-10-19 16:55:07,379 views 13812 3032 Texto recibido: '('
INFO 2024-10-19 16:55:07,379 model 13812 3032 Procesando texto: '('
ERROR 2024-10-19 16:55:07,379 model 13812 3032 Error al procesar el texto '(': bad escape \s at position 0
INFO 2024-10-19 16:55:07,379 views 13812 3032 LaTeX generado: 'Error: bad escape \s at position 0'
INFO 2024-10-19 16:55:08,583 views 13812 3032 Texto recibido: '(2'
INFO 2024-10-19 16:55:08,583 model 13812 3032 Procesando texto: '(2'
ERROR 2024-10-19 16:55:08,583 model 13812 3032 Error al procesar el texto '(2': bad escape \s at position 0
INFO 2024-10-19 16:55:08,583 views 13812 3032 LaTeX generado: 'Error: bad escape \s at position 0'
INFO 2024-10-19 16:55:10,513 views 13812 3032 Texto recibido: '(2"'
INFO 2024-10-19 16:55:10,513 model 13812 3032 Procesando texto: '(2"'
ERROR 2024-10-19 16:55:10,513 model 13812 3032 Error al procesar el texto '(2"': bad escape \s at position 0
INFO 2024-10-19 16:55:10,513 views 13812 3032 LaTeX generado: 'Error: bad escape \s at position 0'
INFO 2024-10-19 16:55:11,012 views 13812 3032 Texto recibido: '(2'
INFO 2024-10-19 16:55:11,012 model 13812 3032 Procesando texto: '(2'
ERROR 2024-10-19 16:55:11,012 model 13812 3032 Error al procesar el texto '(2': bad escape \s at position 0
INFO 2024-10-19 16:55:11,012 views 13812 3032 LaTeX generado: 'Error: bad escape \s at position 0'
INFO 2024-10-19 16:55:12,785 views 13812 3032 Texto recibido: '(2^2'
INFO 2024-10-19 16:55:12,785 model 13812 3032 Procesando texto: '(2^2'
ERROR 2024-10-19 16:55:12,785 model 13812 3032 Error al procesar el texto '(2^{2}': bad escape \s at position 0
INFO 2024-10-19 16:55:12,785 views 13812 3032 LaTeX generado: 'Error: bad escape \s at position 0'
INFO 2024-10-19 16:55:13,771 views 13812 3032 Texto recibido: '(2^2)'
INFO 2024-10-19 16:55:13,772 model 13812 3032 Procesando texto: '(2^2)'
ERROR 2024-10-19 16:55:13,772 model 13812 3032 Error al procesar el texto '(2^{2})': bad escape \s at position 0
INFO 2024-10-19 16:55:13,772 views 13812 3032 LaTeX generado: 'Error: bad escape \s at position 0'
INFO 2024-10-19 16:56:33,447 views 31368 30268 Texto recibido: '2'
INFO 2024-10-19 16:56:33,447 model 31368 30268 Procesando texto: '2'
INFO 2024-10-19 16:56:33,447 model 31368 30268 Texto convertido: '2'
INFO 2024-10-19 16:56:33,447 views 31368 30268 LaTeX generado: '2'
INFO 2024-10-19 16:56:36,099 views 31368 30268 Texto recibido: '2{2'
INFO 2024-10-19 16:56:36,099 model 31368 30268 Procesando texto: '2{2'
INFO 2024-10-19 16:56:36,099 model 31368 30268 Texto convertido: '2{2'
INFO 2024-10-19 16:56:36,099 views 31368 30268 LaTeX generado: '2{2'
INFO 2024-10-19 16:56:37,899 views 31368 30268 Texto recibido: '2'
INFO 2024-10-19 16:56:37,900 model 31368 30268 Procesando texto: '2'
INFO 2024-10-19 16:56:37,900 model 31368 30268 Texto convertido: '2'
INFO 2024-10-19 16:56:37,900 views 31368 30268 LaTeX generado: '2'
INFO 2024-10-19 16:56:39,587 views 31368 30268 Texto recibido: '2^2'
INFO 2024-10-19 16:56:39,596 model 31368 30268 Procesando texto: '2^2'
INFO 2024-10-19 16:56:39,596 model 31368 30268 Texto convertido: '2^{2}'
INFO 2024-10-19 16:56:39,596 views 31368 30268 LaTeX generado: '2^{2}'
INFO 2024-10-19 16:56:41,395 views 31368 30268 Texto recibido: '2^2+'
INFO 2024-10-19 16:56:41,395 model 31368 30268 Procesando texto: '2^2+'
INFO 2024-10-19 16:56:41,395 model 31368 30268 Texto convertido: '2^{2}+'
INFO 2024-10-19 16:56:41,395 views 31368 30268 LaTeX generado: '2^{2}+'
INFO 2024-10-19 16:56:41,757 views 31368 30268 Texto recibido: '2^2+2'
INFO 2024-10-19 16:56:41,757 model 31368 30268 Procesando texto: '2^2+2'
INFO 2024-10-19 16:56:41,757 model 31368 30268 Texto convertido: '2^{2}+2'
INFO 2024-10-19 16:56:41,757 views 31368 30268 LaTeX generado: '2^{2}+2'
INFO 2024-10-19 17:14:52,075 views 31368 30268 Texto recibido: '2'
INFO 2024-10-19 17:14:52,078 model 31368 30268 Procesando texto: '2'
INFO 2024-10-19 17:14:52,079 model 31368 30268 Texto convertido: '2'
INFO 2024-10-19 17:14:52,080 views 31368 30268 LaTeX generado: '2'
INFO 2024-10-19 17:14:52,563 views 31368 30268 Texto recibido: '2^2'
INFO 2024-10-19 17:14:52,563 model 31368 30268 Procesando texto: '2^2'
INFO 2024-10-19 17:14:52,563 model 31368 30268 Texto convertido: '2^{2}'
INFO 2024-10-19 17:14:52,564 views 31368 30268 LaTeX generado: '2^{2}'
